<?xml version="1.0" encoding="UTF-8"?>
<!-- Generated by org.testng.reporters.JUnitXMLReporter -->
<testsuite hostname="Balajis-MBP.lan" ignored="0" name="Default test" tests="3" failures="0" timestamp="2022-12-05T15:52:35 CST" time="0.041" errors="0">
  <testcase name="test1" time="0.011" classname="classProgram.ListOmit2"/>
  <testcase name="test2" time="0.001" classname="classProgram.ListOmit2"/>
  <testcase name="test3" time="0.0" classname="classProgram.ListOmit2"/>
</testsuite> <!-- Default test -->
