<?xml version="1.0" encoding="UTF-8"?>
<!-- Generated by org.testng.reporters.JUnitXMLReporter -->
<testsuite hostname="Balajis-MBP.lan" ignored="2" name="Default test" tests="1" failures="0" timestamp="2022-12-05T16:01:32 CST" time="0.033" errors="0">
  <testcase name="test2" time="0.007" classname="classProgram.ListOmit2"/>
  <testcase name="test1" time="0.0" classname="classProgram.ListOmit2">
    <ignored/>
  </testcase> <!-- test1 -->
  <testcase name="test3" time="0.0" classname="classProgram.ListOmit2">
    <ignored/>
  </testcase> <!-- test3 -->
</testsuite> <!-- Default test -->
