<?xml version="1.0" encoding="UTF-8"?>
<testng-results skipped="0" failed="0" ignored="0" total="3" passed="3">
  <reporter-output>
  </reporter-output>
  <suite name="Default suite" duration-ms="41" started-at="2022-12-05T15:52:35 CST" finished-at="2022-12-05T15:52:35 CST">
    <groups>
    </groups>
    <test name="Default test" duration-ms="41" started-at="2022-12-05T15:52:35 CST" finished-at="2022-12-05T15:52:35 CST">
      <class name="classProgram.ListOmit2">
        <test-method status="PASS" signature="test1()[pri:0, instance:classProgram.ListOmit2@192d3247]" name="test1" duration-ms="11" started-at="2022-12-05T15:52:35 CST" finished-at="2022-12-05T15:52:35 CST">
          <reporter-output>
          </reporter-output>
        </test-method> <!-- test1 -->
        <test-method status="PASS" signature="test2()[pri:0, instance:classProgram.ListOmit2@192d3247]" name="test2" duration-ms="1" started-at="2022-12-05T15:52:35 CST" finished-at="2022-12-05T15:52:35 CST">
          <reporter-output>
          </reporter-output>
        </test-method> <!-- test2 -->
        <test-method status="PASS" signature="test3()[pri:0, instance:classProgram.ListOmit2@192d3247]" name="test3" duration-ms="0" started-at="2022-12-05T15:52:35 CST" finished-at="2022-12-05T15:52:35 CST">
          <reporter-output>
          </reporter-output>
        </test-method> <!-- test3 -->
      </class> <!-- classProgram.ListOmit2 -->
    </test> <!-- Default test -->
  </suite> <!-- Default suite -->
</testng-results>
