<?xml version="1.0" encoding="UTF-8"?>
<testng-results skipped="0" failed="0" ignored="2" total="3" passed="1">
  <reporter-output>
  </reporter-output>
  <suite name="Default suite" duration-ms="33" started-at="2022-12-05T16:01:32 CST" finished-at="2022-12-05T16:01:32 CST">
    <groups>
    </groups>
    <test name="Default test" duration-ms="33" started-at="2022-12-05T16:01:32 CST" finished-at="2022-12-05T16:01:32 CST">
      <class name="classProgram.ListOmit2">
        <test-method status="PASS" signature="test2()[pri:0, instance:classProgram.ListOmit2@64f6106c]" name="test2" duration-ms="7" started-at="2022-12-05T16:01:32 CST" finished-at="2022-12-05T16:01:32 CST">
          <reporter-output>
          </reporter-output>
        </test-method> <!-- test2 -->
      </class> <!-- classProgram.ListOmit2 -->
    </test> <!-- Default test -->
  </suite> <!-- Default suite -->
</testng-results>
